<?xml version="1.0" encoding="UTF-8"?>
<testsuite name="com.example.test.TestClassTest" tests="1" skipped="0" failures="0" errors="0" timestamp="2021-11-05T05:35:27" hostname="song-gyeong-geun-ui-MacBookPro.local" time="0.034">
  <properties/>
  <testcase name="test_1()" classname="com.example.test.TestClassTest" time="0.034"/>
  <system-out><![CDATA[2021-11-05T14:35:27.717184
]]></system-out>
  <system-err><![CDATA[]]></system-err>
</testsuite>
