<?xml version="1.0" encoding="UTF-8"?>
<testsuite name="com.example.test.generic.GenericTest" tests="1" skipped="0" failures="0" errors="0" timestamp="2021-11-06T12:55:51" hostname="song-gyeong-geun-ui-MacBookPro.local" time="0.041">
  <properties/>
  <testcase name="test_1()" classname="com.example.test.generic.GenericTest" time="0.041"/>
  <system-out><![CDATA[type1.getDate() = 2021-11-06T21:55:51.926537
]]></system-out>
  <system-err><![CDATA[]]></system-err>
</testsuite>
