<?xml version="1.0" encoding="UTF-8"?>
<testsuite name="com.example.test.TestClassTest" tests="1" skipped="0" failures="0" errors="0" timestamp="2021-11-09T04:23:58" hostname="song-gyeong-geun-ui-MacBookPro.local" time="0.144">
  <properties/>
  <testcase name="test_3()" classname="com.example.test.TestClassTest" time="0.144"/>
  <system-out><![CDATA[num = 45055
num = 96538
num = 38767
num = 31548
num = 55147
num = 32878
num = 13878
num = 14683
num = 63498
num = 17335
num = 57042
num = 48797
num = 97754
num = 46987
num = 82864
num = 31091
num = 20883
num = 49913
num = 86342
num = 73611
num = 56427
num = 22693
num = 72967
num = 86985
num = 24441
num = 73778
num = 50308
num = 61012
num = 10665
num = 69662
num = 69935
num = 12428
num = 73512
num = 70097
num = 40700
num = 15828
num = 28320
num = 23216
num = 74436
num = 89817
num = 95971
num = 81344
num = 62946
num = 36729
num = 73463
num = 53546
num = 30771
num = 90962
num = 17310
num = 81488
num = 31709
num = 97913
num = 56764
num = 31094
num = 38281
num = 72765
num = 42725
num = 63617
num = 22434
num = 15990
num = 40003
num = 36281
num = 42656
num = 60310
num = 95065
num = 44430
num = 87357
num = 72089
num = 88800
num = 14239
num = 36895
num = 88633
num = 73994
num = 67503
num = 46959
num = 81739
num = 10165
num = 17712
num = 24118
num = 26965
num = 14216
num = 39741
num = 50336
num = 37554
num = 43982
num = 73790
num = 96985
num = 71748
num = 53111
num = 67938
num = 20461
num = 72269
num = 90019
num = 82646
num = 20922
num = 27201
num = 50639
num = 94850
num = 82813
num = 32161
num = 24565
num = 88925
num = 70902
num = 14728
num = 76866
num = 86700
num = 48355
num = 53392
num = 83298
num = 28972
num = 33990
num = 54963
num = 34953
num = 66530
num = 94340
num = 46327
num = 39489
num = 59534
num = 62389
num = 38732
num = 39972
num = 30313
num = 38905
num = 65341
num = 69140
num = 76129
num = 64219
num = 95728
num = 46386
num = 75235
num = 27952
num = 54178
num = 97152
num = 21728
num = 11735
num = 42186
num = 29563
num = 12066
num = 75272
num = 89394
num = 21137
num = 88919
num = 59232
num = 31345
num = 69160
num = 96036
num = 59409
num = 16909
num = 81966
num = 31217
num = 15352
num = 52988
num = 64732
num = 33121
num = 93219
num = 99231
num = 42659
num = 61683
num = 77024
num = 90850
num = 96429
num = 11163
num = 34617
num = 83373
num = 89712
num = 79525
num = 74760
num = 69182
num = 36111
num = 57732
num = 79483
num = 62010
num = 93476
num = 17821
num = 81537
num = 92258
num = 96753
num = 79144
num = 80203
num = 42907
num = 96674
num = 78065
num = 39990
num = 63118
num = 70485
num = 77558
num = 25816
num = 24173
num = 62666
num = 89662
num = 45142
num = 40332
num = 68106
num = 65548
num = 92260
num = 55365
num = 87568
num = 45064
num = 62399
num = 14081
num = 15450
num = 30085
num = 43677
num = 56982
num = 52811
num = 13695
num = 43035
num = 55331
num = 44427
num = 50329
num = 38255
num = 93399
num = 57260
num = 90338
num = 71897
num = 14405
num = 69110
num = 66145
num = 54601
num = 16773
num = 20483
num = 66141
num = 24549
num = 37728
num = 99713
num = 76772
num = 37096
num = 31951
num = 21270
num = 62915
num = 33593
num = 44049
num = 79808
num = 41535
num = 91228
num = 64944
num = 78019
num = 63881
num = 26379
num = 13910
num = 34643
num = 37040
num = 82372
num = 69976
num = 80067
num = 76523
num = 38850
num = 88669
num = 80899
num = 77742
num = 83992
num = 12670
num = 61589
num = 75738
num = 62723
num = 37854
num = 50749
num = 19322
num = 83748
num = 89397
num = 42153
num = 67911
num = 95760
num = 16148
num = 35565
num = 76768
num = 78478
num = 55336
num = 30542
num = 99108
num = 97333
num = 53779
num = 27123
num = 81586
num = 91533
num = 66278
num = 90936
num = 53037
num = 24026
num = 66619
num = 96665
num = 35054
num = 28445
num = 61709
num = 33057
num = 96941
num = 52486
num = 34772
num = 54661
num = 36926
num = 29401
num = 49230
num = 20391
num = 46098
num = 39264
num = 20947
num = 76627
num = 31509
num = 19505
num = 72824
num = 83068
num = 80076
num = 79861
num = 82395
num = 22849
num = 15520
num = 60291
num = 20040
num = 54515
num = 46418
num = 91715
num = 62707
num = 62372
num = 24640
num = 68480
num = 75606
num = 33486
num = 99926
num = 58341
num = 82265
num = 14088
num = 48183
num = 10452
num = 41529
num = 55559
num = 48183
num = 74373
num = 48621
num = 60292
num = 43782
num = 83404
num = 86212
num = 20711
num = 16518
num = 73715
num = 40612
num = 20553
num = 66524
num = 56673
num = 17632
num = 46066
num = 28029
num = 45530
num = 22482
num = 66246
num = 99429
num = 29208
num = 48108
num = 85428
num = 76879
num = 35309
num = 66815
num = 18601
num = 94703
num = 21659
num = 10714
num = 19683
num = 45482
num = 60726
num = 37555
num = 65619
num = 37669
num = 74058
num = 39861
num = 94695
num = 98779
num = 94520
num = 46912
num = 85710
num = 47793
num = 22582
num = 81099
num = 75772
num = 51249
num = 19124
num = 52443
num = 98398
num = 13721
num = 41357
num = 27667
num = 10323
num = 94822
num = 20270
num = 43086
num = 64956
num = 81739
num = 87792
num = 53839
num = 22802
num = 78363
num = 19292
num = 35449
num = 74302
num = 99569
num = 12417
num = 17602
num = 98536
num = 41888
num = 96368
num = 24133
num = 82036
num = 99921
num = 46694
num = 67701
num = 25540
num = 51175
num = 99401
num = 52392
num = 12943
num = 60704
num = 54791
num = 22599
num = 45931
num = 10932
num = 75796
num = 51899
num = 69827
num = 81321
num = 97785
num = 61383
num = 91021
num = 67199
num = 36836
num = 22921
num = 34031
num = 66960
num = 21271
num = 69155
num = 86719
num = 72127
num = 16898
num = 68698
num = 55481
num = 15286
num = 29861
num = 41957
num = 58314
num = 26814
num = 62226
num = 90289
num = 52617
num = 42460
num = 94545
num = 18757
num = 46262
num = 20364
num = 76493
num = 50708
num = 85061
num = 27895
num = 21384
num = 10540
num = 47071
num = 95810
num = 12880
num = 29611
num = 34369
num = 39656
num = 52526
num = 59045
num = 35887
num = 46103
num = 24891
num = 32340
num = 10720
num = 24932
num = 93012
num = 40185
num = 59874
num = 65789
num = 30643
num = 79603
num = 45898
num = 62477
num = 89342
num = 19691
num = 54007
num = 56573
num = 57837
num = 46585
num = 85413
num = 66452
num = 58298
num = 11010
num = 43362
num = 87416
num = 59165
num = 92783
num = 55114
num = 13570
num = 86982
num = 78014
num = 68515
num = 32326
num = 70354
num = 26337
num = 70151
num = 77957
num = 17550
num = 37540
num = 93151
num = 31525
num = 75584
num = 19168
num = 66626
num = 80655
num = 82623
num = 19315
num = 85475
num = 24139
num = 47512
num = 71695
num = 48796
num = 23167
num = 89852
num = 13290
num = 37543
num = 43076
num = 21619
num = 58429
num = 97176
num = 76969
num = 86604
num = 66942
num = 69098
num = 15274
num = 87107
num = 48235
num = 25389
num = 43396
num = 58256
num = 27560
num = 65025
num = 82957
num = 19084
num = 75537
num = 36120
num = 30820
num = 16072
num = 87078
num = 28015
num = 54084
num = 99249
num = 91271
num = 59024
num = 68531
num = 53133
num = 79468
num = 10555
num = 32646
num = 14813
num = 34874
num = 65940
num = 89239
num = 59298
num = 93260
num = 42828
num = 71972
num = 37875
num = 81078
num = 81257
num = 24608
num = 68687
num = 34204
num = 45638
num = 46719
num = 69994
num = 57832
num = 67798
num = 50733
num = 75640
num = 25624
num = 99957
num = 61700
num = 79163
num = 24102
num = 71055
num = 52990
num = 67642
num = 46509
num = 27192
num = 28216
num = 78928
num = 58877
num = 37135
num = 12143
num = 56191
num = 19868
num = 46778
num = 31058
num = 71872
num = 35139
num = 92282
num = 66155
num = 89079
num = 56391
num = 70200
num = 71847
num = 42192
num = 85100
num = 24297
num = 14597
num = 70071
num = 40960
num = 73040
num = 46868
num = 14590
num = 55499
num = 58733
num = 35073
num = 44448
num = 22050
num = 49155
num = 30063
num = 39219
num = 54237
num = 95210
num = 83577
num = 11401
num = 96549
num = 53584
num = 54359
num = 74892
num = 72142
num = 81691
num = 63195
num = 56743
num = 35046
num = 53292
num = 46971
num = 35296
num = 16168
num = 87090
num = 78069
num = 91926
num = 85123
num = 47341
num = 56878
num = 15426
num = 72787
num = 95039
num = 22034
num = 37833
num = 92687
num = 40608
num = 35099
num = 17973
num = 82895
num = 14193
num = 23836
num = 54315
num = 43884
num = 17625
num = 70963
num = 51894
num = 52001
num = 62901
num = 53360
num = 78969
num = 22639
num = 85674
num = 30019
num = 57881
num = 71993
num = 88606
num = 75771
num = 31113
num = 31347
num = 78711
num = 81759
num = 37965
num = 23270
num = 94828
num = 92982
num = 79445
num = 54772
num = 96236
num = 27814
num = 68976
num = 78538
num = 41071
num = 64369
num = 34365
num = 49674
num = 53706
num = 43791
num = 82091
num = 82038
num = 63517
num = 81144
num = 98427
num = 15224
num = 33597
num = 70407
num = 33186
num = 40517
num = 36853
num = 21294
num = 10906
num = 51726
num = 98704
num = 62092
num = 31238
num = 24722
num = 30077
num = 94516
num = 34949
num = 67698
num = 51801
num = 83727
num = 14476
num = 52703
num = 81649
num = 19043
num = 58302
num = 77849
num = 98238
num = 78669
num = 26538
num = 98716
num = 81825
num = 84788
num = 31065
num = 76982
num = 60599
num = 53741
num = 97331
num = 34022
num = 32530
num = 89717
num = 36475
num = 27380
num = 37011
num = 99339
num = 15847
num = 48357
num = 77628
num = 78864
num = 23176
num = 69694
num = 17201
num = 45329
num = 24644
num = 53380
num = 78926
num = 87896
num = 59971
num = 99887
num = 42922
num = 15899
num = 68222
num = 11871
num = 65783
num = 75662
num = 16510
num = 37261
num = 91823
num = 19014
num = 20028
num = 98981
num = 28651
num = 82609
num = 25910
num = 61125
num = 56386
num = 58662
num = 95308
num = 74308
num = 69431
num = 44511
num = 47774
num = 26115
num = 32022
num = 30538
num = 49535
num = 56113
num = 53963
num = 63406
num = 22587
num = 78731
num = 70930
num = 34334
num = 14645
num = 51434
num = 94520
num = 70153
num = 60967
num = 20120
num = 20816
num = 48300
num = 87794
num = 28414
num = 62664
num = 85541
num = 43746
num = 22636
num = 90087
num = 94247
num = 39884
num = 89613
num = 45293
num = 59342
num = 11358
num = 20230
num = 13599
num = 63637
num = 83557
num = 57610
num = 79248
num = 89242
num = 43512
num = 65205
num = 25583
num = 17947
num = 62917
num = 56663
num = 42329
num = 44048
num = 62624
num = 96365
num = 28838
num = 88956
num = 29666
num = 96739
num = 61069
num = 68097
num = 16989
num = 16111
num = 31799
num = 27125
num = 62926
num = 18685
num = 18115
num = 46267
num = 22161
num = 96518
num = 87569
num = 88727
num = 92429
num = 11840
num = 94570
num = 91529
num = 61527
num = 46926
num = 61538
num = 24907
num = 57340
num = 47872
num = 75158
num = 89420
num = 39548
num = 48092
num = 26670
num = 68315
num = 35412
num = 17128
num = 26536
num = 46382
num = 13642
num = 60443
num = 38069
num = 95494
num = 89711
num = 36293
num = 31640
num = 41365
num = 93184
num = 36456
num = 40932
num = 95674
num = 52644
num = 58639
num = 15388
num = 42606
num = 56611
num = 89725
num = 58468
num = 59149
num = 29499
num = 10657
num = 89607
num = 54009
num = 20086
num = 55733
num = 18916
num = 30886
num = 86241
num = 81358
num = 67526
num = 88036
num = 93727
num = 61880
num = 43240
num = 17543
num = 38778
num = 93044
num = 60699
num = 24514
num = 43848
num = 56811
num = 57602
num = 88554
num = 13435
num = 54815
num = 43696
num = 67287
num = 92214
num = 51561
num = 47240
num = 44446
num = 40848
num = 62627
num = 74422
num = 13113
num = 45768
num = 57587
num = 40818
num = 28049
num = 28023
num = 72167
num = 90410
num = 69736
num = 92815
num = 79196
num = 16877
num = 56773
num = 35768
num = 93356
num = 23952
num = 42525
num = 54140
num = 90429
num = 36471
num = 76602
num = 91234
num = 27749
num = 11396
num = 31618
num = 20034
num = 38937
num = 28603
num = 90981
num = 47797
num = 12632
num = 44487
num = 43968
num = 16705
num = 31871
num = 27554
num = 30255
num = 26997
num = 88106
num = 54088
num = 87213
num = 58050
num = 71351
num = 63704
num = 39819
num = 19758
num = 95942
num = 89132
num = 84780
num = 71269
num = 79531
num = 11957
num = 87657
num = 36638
num = 21499
num = 96164
num = 54141
num = 17290
num = 75816
num = 84364
num = 64423
num = 59303
num = 22490
num = 87323
num = 22634
num = 99488
num = 31256
num = 66049
num = 41720
num = 57982
num = 40892
num = 67108
num = 77758
num = 76671
num = 27664
num = 96033
num = 16773
num = 92105
num = 86784
num = 10792
num = 71364
num = 48811
num = 21497
num = 57068
num = 24115
num = 83871
num = 55406
]]></system-out>
  <system-err><![CDATA[]]></system-err>
</testsuite>
