<?xml version="1.0" encoding="UTF-8"?>
<testsuite name="com.example.test.TestClassTest" tests="1" skipped="0" failures="0" errors="0" timestamp="2021-11-10T08:35:13" hostname="song-gyeong-geun-ui-MacBookPro.local" time="0.022">
  <properties/>
  <testcase name="null check" classname="com.example.test.TestClassTest" time="0.022"/>
  <system-out><![CDATA[object is null!!
human money is null!!
]]></system-out>
  <system-err><![CDATA[]]></system-err>
</testsuite>
